cocos2d/cocos/platform/android/java/libs/facebook_lib/build/outputs/logs/manifest-merger-release-report.txt
-- Merging decision tree log ---
manifest
ADDED from libs\facebook_lib\AndroidManifest.xml:21:1-28:12
INJECTED from libs\facebook_lib\AndroidManifest.xml:21:1-28:12
INJECTED from libs\facebook_lib\AndroidManifest.xml:21:1-28:12
	package
		ADDED from libs\facebook_lib\AndroidManifest.xml:22:5-27
		INJECTED from libs\facebook_lib\AndroidManifest.xml
		INJECTED from libs\facebook_lib\AndroidManifest.xml
	xmlns:android
		ADDED from libs\facebook_lib\AndroidManifest.xml:21:11-69
uses-sdk
ADDED from libs\facebook_lib\AndroidManifest.xml:24:5-47
INJECTED from libs\facebook_lib\AndroidManifest.xml:24:5-47
INJECTED from libs\facebook_lib\AndroidManifest.xml:24:5-47
INJECTED from libs\facebook_lib\AndroidManifest.xml:24:5-47
INJECTED from libs\facebook_lib\AndroidManifest.xml:24:5-47
	android:targetSdkVersion
		ADDED from libs\facebook_lib\AndroidManifest.xml:24:15-44
		INJECTED from libs\facebook_lib\AndroidManifest.xml
		INJECTED from libs\facebook_lib\AndroidManifest.xml
	android:minSdkVersion
		INJECTED from libs\facebook_lib\AndroidManifest.xml
		ADDED from libs\facebook_lib\AndroidManifest.xml:24:5-47
		INJECTED from libs\facebook_lib\AndroidManifest.xml
application
ADDED from libs\facebook_lib\AndroidManifest.xml:26:5-20